<?xml version="1.0" encoding="UTF-8"?>
<!-- Generated by org.testng.reporters.JUnitReportReporter -->
<testsuite skipped="0" hostname="LAPTOP-T7B961OT" name="testFeatures.LoginFeatureTests" tests="1" failures="0" timestamp="2020-08-09T15:57:03 IST" time="0.020" errors="0">
  <testcase name="login_test1" time="0.020" classname="testFeatures.LoginFeatureTests"/>
  <system-out/>
</testsuite> <!-- testFeatures.LoginFeatureTests -->
